============================= test session starts ==============================
platform linux -- Python 3.10.0, pytest-6.2.5, py-1.10.0, pluggy-1.0.0
rootdir: /home/runner/work/deployment-bot-6/deployment-bot-6
plugins: anyio-3.3.4
collected 10 items

tests/test_cmds.py ..FF....FF                                            [100%]

=================================== FAILURES ===================================
______________________________ test_ping[asyncio] ______________________________

    async def test_ping():
        """
        tests cmds.ping
        """
    
        # no arguments
        with pytest.raises(error.ArgumentRequiredError):
            assert await cmds.ping(cmessage.Message())
    
        # too many arguments
        with pytest.raises(error.UnknownArgumentError):
            assert await cmds.ping(cmessage.Message(), *["1", "2"])
    
        # normal usage
>       assert await cmds.ping(cmessage.Message(), *["google.com"])

tests/test_cmds.py:40: 
_ _ _ _ _ _ _ _ _ _ _ _ _ _ _ _ _ _ _ _ _ _ _ _ _ _ _ _ _ _ _ _ _ _ _ _ _ _ _ _ 
cmds/ping.py:33: in ping
    output = subprocess.check_output(["ping", "-c", "4", args[0]]).decode()
/opt/hostedtoolcache/Python/3.10.0/x64/lib/python3.10/subprocess.py:420: in check_output
    return run(*popenargs, stdout=PIPE, timeout=timeout, check=True,
_ _ _ _ _ _ _ _ _ _ _ _ _ _ _ _ _ _ _ _ _ _ _ _ _ _ _ _ _ _ _ _ _ _ _ _ _ _ _ _ 

input = None, capture_output = False, timeout = None, check = True
popenargs = (['ping', '-c', '4', 'google.com'],), kwargs = {'stdout': -1}
process = <Popen: returncode: 1 args: ['ping', '-c', '4', 'google.com']>
stdout = b'PING google.com (142.250.114.100) 56(84) bytes of data.\n\n--- google.com ping statistics ---\n4 packets transmitted, 0 received, 100% packet loss, time 3058ms\n\n'
stderr = None, retcode = 1

    def run(*popenargs,
            input=None, capture_output=False, timeout=None, check=False, **kwargs):
        """Run command with arguments and return a CompletedProcess instance.
    
        The returned instance will have attributes args, returncode, stdout and
        stderr. By default, stdout and stderr are not captured, and those attributes
        will be None. Pass stdout=PIPE and/or stderr=PIPE in order to capture them.
    
        If check is True and the exit code was non-zero, it raises a
        CalledProcessError. The CalledProcessError object will have the return code
        in the returncode attribute, and output & stderr attributes if those streams
        were captured.
    
        If timeout is given, and the process takes too long, a TimeoutExpired
        exception will be raised.
    
        There is an optional argument "input", allowing you to
        pass bytes or a string to the subprocess's stdin.  If you use this argument
        you may not also use the Popen constructor's "stdin" argument, as
        it will be used internally.
    
        By default, all communication is in bytes, and therefore any "input" should
        be bytes, and the stdout and stderr will be bytes. If in text mode, any
        "input" should be a string, and stdout and stderr will be strings decoded
        according to locale encoding, or by "encoding" if set. Text mode is
        triggered by setting any of text, encoding, errors or universal_newlines.
    
        The other arguments are the same as for the Popen constructor.
        """
        if input is not None:
            if kwargs.get('stdin') is not None:
                raise ValueError('stdin and input arguments may not both be used.')
            kwargs['stdin'] = PIPE
    
        if capture_output:
            if kwargs.get('stdout') is not None or kwargs.get('stderr') is not None:
                raise ValueError('stdout and stderr arguments may not be used '
                                 'with capture_output.')
            kwargs['stdout'] = PIPE
            kwargs['stderr'] = PIPE
    
        with Popen(*popenargs, **kwargs) as process:
            try:
                stdout, stderr = process.communicate(input, timeout=timeout)
            except TimeoutExpired as exc:
                process.kill()
                if _mswindows:
                    # Windows accumulates the output in a single blocking
                    # read() call run on child threads, with the timeout
                    # being done in a join() on those threads.  communicate()
                    # _after_ kill() is required to collect that and add it
                    # to the exception.
                    exc.stdout, exc.stderr = process.communicate()
                else:
                    # POSIX _communicate already populated the output so
                    # far into the TimeoutExpired exception.
                    process.wait()
                raise
            except:  # Including KeyboardInterrupt, communicate handled that.
                process.kill()
                # We don't call process.wait() as .__exit__ does that for us.
                raise
            retcode = process.poll()
            if check and retcode:
>               raise CalledProcessError(retcode, process.args,
                                         output=stdout, stderr=stderr)
E               subprocess.CalledProcessError: Command '['ping', '-c', '4', 'google.com']' returned non-zero exit status 1.

/opt/hostedtoolcache/Python/3.10.0/x64/lib/python3.10/subprocess.py:524: CalledProcessError
_______________________________ test_ping[trio] ________________________________

    async def test_ping():
        """
        tests cmds.ping
        """
    
        # no arguments
        with pytest.raises(error.ArgumentRequiredError):
            assert await cmds.ping(cmessage.Message())
    
        # too many arguments
        with pytest.raises(error.UnknownArgumentError):
            assert await cmds.ping(cmessage.Message(), *["1", "2"])
    
        # normal usage
>       assert await cmds.ping(cmessage.Message(), *["google.com"])

tests/test_cmds.py:40: 
_ _ _ _ _ _ _ _ _ _ _ _ _ _ _ _ _ _ _ _ _ _ _ _ _ _ _ _ _ _ _ _ _ _ _ _ _ _ _ _ 
cmds/ping.py:33: in ping
    output = subprocess.check_output(["ping", "-c", "4", args[0]]).decode()
/opt/hostedtoolcache/Python/3.10.0/x64/lib/python3.10/subprocess.py:420: in check_output
    return run(*popenargs, stdout=PIPE, timeout=timeout, check=True,
_ _ _ _ _ _ _ _ _ _ _ _ _ _ _ _ _ _ _ _ _ _ _ _ _ _ _ _ _ _ _ _ _ _ _ _ _ _ _ _ 

input = None, capture_output = False, timeout = None, check = True
popenargs = (['ping', '-c', '4', 'google.com'],), kwargs = {'stdout': -1}
process = <Popen: returncode: 1 args: ['ping', '-c', '4', 'google.com']>
stdout = b'PING google.com (142.250.114.113) 56(84) bytes of data.\n\n--- google.com ping statistics ---\n4 packets transmitted, 0 received, 100% packet loss, time 3072ms\n\n'
stderr = None, retcode = 1

    def run(*popenargs,
            input=None, capture_output=False, timeout=None, check=False, **kwargs):
        """Run command with arguments and return a CompletedProcess instance.
    
        The returned instance will have attributes args, returncode, stdout and
        stderr. By default, stdout and stderr are not captured, and those attributes
        will be None. Pass stdout=PIPE and/or stderr=PIPE in order to capture them.
    
        If check is True and the exit code was non-zero, it raises a
        CalledProcessError. The CalledProcessError object will have the return code
        in the returncode attribute, and output & stderr attributes if those streams
        were captured.
    
        If timeout is given, and the process takes too long, a TimeoutExpired
        exception will be raised.
    
        There is an optional argument "input", allowing you to
        pass bytes or a string to the subprocess's stdin.  If you use this argument
        you may not also use the Popen constructor's "stdin" argument, as
        it will be used internally.
    
        By default, all communication is in bytes, and therefore any "input" should
        be bytes, and the stdout and stderr will be bytes. If in text mode, any
        "input" should be a string, and stdout and stderr will be strings decoded
        according to locale encoding, or by "encoding" if set. Text mode is
        triggered by setting any of text, encoding, errors or universal_newlines.
    
        The other arguments are the same as for the Popen constructor.
        """
        if input is not None:
            if kwargs.get('stdin') is not None:
                raise ValueError('stdin and input arguments may not both be used.')
            kwargs['stdin'] = PIPE
    
        if capture_output:
            if kwargs.get('stdout') is not None or kwargs.get('stderr') is not None:
                raise ValueError('stdout and stderr arguments may not be used '
                                 'with capture_output.')
            kwargs['stdout'] = PIPE
            kwargs['stderr'] = PIPE
    
        with Popen(*popenargs, **kwargs) as process:
            try:
                stdout, stderr = process.communicate(input, timeout=timeout)
            except TimeoutExpired as exc:
                process.kill()
                if _mswindows:
                    # Windows accumulates the output in a single blocking
                    # read() call run on child threads, with the timeout
                    # being done in a join() on those threads.  communicate()
                    # _after_ kill() is required to collect that and add it
                    # to the exception.
                    exc.stdout, exc.stderr = process.communicate()
                else:
                    # POSIX _communicate already populated the output so
                    # far into the TimeoutExpired exception.
                    process.wait()
                raise
            except:  # Including KeyboardInterrupt, communicate handled that.
                process.kill()
                # We don't call process.wait() as .__exit__ does that for us.
                raise
            retcode = process.poll()
            if check and retcode:
>               raise CalledProcessError(retcode, process.args,
                                         output=stdout, stderr=stderr)
E               subprocess.CalledProcessError: Command '['ping', '-c', '4', 'google.com']' returned non-zero exit status 1.

/opt/hostedtoolcache/Python/3.10.0/x64/lib/python3.10/subprocess.py:524: CalledProcessError
______________________________ test_help[asyncio] ______________________________

    async def test_help():
        """
        tests cmds.help
        """
    
        # no arguments
>       assert await cmds.chelp(cmessage.Message())

tests/test_cmds.py:79: 
_ _ _ _ _ _ _ _ _ _ _ _ _ _ _ _ _ _ _ _ _ _ _ _ _ _ _ _ _ _ _ _ _ _ _ _ _ _ _ _ 
cmds/help.py:34: in chelp
    string = '\n'.join(get("help"))
_ _ _ _ _ _ _ _ _ _ _ _ _ _ _ _ _ _ _ _ _ _ _ _ _ _ _ _ _ _ _ _ _ _ _ _ _ _ _ _ 

args = ('help',)

    def get(*args):
        """
        get(*args)
    
        retrieves data from database with args as path
        """
    
>       with open(os.path.join(*(["db-database"]+list(args))), 'r', encoding="utf-8") as file:
E       FileNotFoundError: [Errno 2] No such file or directory: 'db-database/help'

database/get.py:17: FileNotFoundError
_______________________________ test_help[trio] ________________________________

    async def test_help():
        """
        tests cmds.help
        """
    
        # no arguments
>       assert await cmds.chelp(cmessage.Message())

tests/test_cmds.py:79: 
_ _ _ _ _ _ _ _ _ _ _ _ _ _ _ _ _ _ _ _ _ _ _ _ _ _ _ _ _ _ _ _ _ _ _ _ _ _ _ _ 
cmds/help.py:34: in chelp
    string = '\n'.join(get("help"))
_ _ _ _ _ _ _ _ _ _ _ _ _ _ _ _ _ _ _ _ _ _ _ _ _ _ _ _ _ _ _ _ _ _ _ _ _ _ _ _ 

args = ('help',)

    def get(*args):
        """
        get(*args)
    
        retrieves data from database with args as path
        """
    
>       with open(os.path.join(*(["db-database"]+list(args))), 'r', encoding="utf-8") as file:
E       FileNotFoundError: [Errno 2] No such file or directory: 'db-database/help'

database/get.py:17: FileNotFoundError
=========================== short test summary info ============================
FAILED tests/test_cmds.py::test_ping[asyncio] - subprocess.CalledProcessError...
FAILED tests/test_cmds.py::test_ping[trio] - subprocess.CalledProcessError: C...
FAILED tests/test_cmds.py::test_help[asyncio] - FileNotFoundError: [Errno 2] ...
FAILED tests/test_cmds.py::test_help[trio] - FileNotFoundError: [Errno 2] No ...
========================= 4 failed, 6 passed in 26.51s =========================
